<?xml version="1.0" encoding="UTF-8"?>
<!-- Generated by org.testng.reporters.JUnitReportReporter -->
<testsuite hostname="DESKTOP-GGQ6OF8" failures="0" tests="1" name="com.PHPTRAVEL.Testlayer.LoginTest" time="119.452" errors="0" timestamp="2024-12-31T20:23:43 IST" skipped="0">
  <testcase classname="com.PHPTRAVEL.Testlayer.LoginTest" name="validateloginfunctionality" time="119.452"/>
</testsuite> <!-- com.PHPTRAVEL.Testlayer.LoginTest -->
