<?xml version="1.0" encoding="UTF-8"?>
<!-- Generated by org.testng.reporters.JUnitReportReporter -->
<testsuite hostname="DESKTOP-GGQ6OF8" failures="0" tests="1" name="com.PHPTRAVEL.Testlayer.SignUpTest" time="79.496" errors="0" timestamp="2024-12-27T00:02:06 IST" skipped="0">
  <testcase classname="com.PHPTRAVEL.Testlayer.SignUpTest" name="validatesignuptest" time="79.496"/>
</testsuite> <!-- com.PHPTRAVEL.Testlayer.SignUpTest -->
